<?xml version="1.0" encoding="UTF-8"?>
<testsuite name="ejercicio1_nextDay.NextDayTest" tests="78" skipped="0" failures="0" errors="0" timestamp="2022-02-17T12:27:12" hostname="DESKTOP-2T6TAJ9" time="0.284">
  <properties/>
  <testcase name="[1] 29, febrero, 2020, 1 marzo 2020" classname="ejercicio1_nextDay.NextDayTest" time="0.075"/>
  <testcase name="[2] 3, marzo, -7, aÃ±o incorrecto: -7" classname="ejercicio1_nextDay.NextDayTest" time="0.002"/>
  <testcase name="[3] 30, febrero, 2022, dia incorrecto: 30" classname="ejercicio1_nextDay.NextDayTest" time="0.002"/>
  <testcase name="[4] 29, febrero, 2022, dia incorrecto: 29" classname="ejercicio1_nextDay.NextDayTest" time="0.001"/>
  <testcase name="[5] 28, febrero, 2021, 1 marzo 2021" classname="ejercicio1_nextDay.NextDayTest" time="0.001"/>
  <testcase name="[6] 1, may, 2011, mes incorrecto: may" classname="ejercicio1_nextDay.NextDayTest" time="0.004"/>
  <testcase name="[7] 1, mayo, 0, 2 mayo 0" classname="ejercicio1_nextDay.NextDayTest" time="0.015"/>
  <testcase name="[8] -1, enero, 2022, dia incorrecto: -1" classname="ejercicio1_nextDay.NextDayTest" time="0.001"/>
  <testcase name="[9] 0, enero, 2022, dia incorrecto: 0" classname="ejercicio1_nextDay.NextDayTest" time="0.001"/>
  <testcase name="[10] 1, enero, 2022, 2 enero 2022" classname="ejercicio1_nextDay.NextDayTest" time="0.001"/>
  <testcase name="[11] 15, enero, 2022, 16 enero 2022" classname="ejercicio1_nextDay.NextDayTest" time="0.001"/>
  <testcase name="[12] 31, enero, 2022, 1 febrero 2022" classname="ejercicio1_nextDay.NextDayTest" time="0.008"/>
  <testcase name="[13] 32, enero, 2022, dia incorrecto: 32" classname="ejercicio1_nextDay.NextDayTest" time="0.002"/>
  <testcase name="[14] -1, febrero, 2022, dia incorrecto: -1" classname="ejercicio1_nextDay.NextDayTest" time="0.001"/>
  <testcase name="[15] 0, febrero, 2022, dia incorrecto: 0" classname="ejercicio1_nextDay.NextDayTest" time="0.001"/>
  <testcase name="[16] 1, febrero, 2022, 2 febrero 2022" classname="ejercicio1_nextDay.NextDayTest" time="0.002"/>
  <testcase name="[17] 15, febrero, 2022, 16 febrero 2022" classname="ejercicio1_nextDay.NextDayTest" time="0.001"/>
  <testcase name="[18] 28, febrero, 2020, 29 febrero 2020" classname="ejercicio1_nextDay.NextDayTest" time="0.001"/>
  <testcase name="[19] -1, marzo, 2022, dia incorrecto: -1" classname="ejercicio1_nextDay.NextDayTest" time="0.001"/>
  <testcase name="[20] 0, marzo, 2022, dia incorrecto: 0" classname="ejercicio1_nextDay.NextDayTest" time="0.001"/>
  <testcase name="[21] 1, marzo, 2022, 2 marzo 2022" classname="ejercicio1_nextDay.NextDayTest" time="0.001"/>
  <testcase name="[22] 15, marzo, 2022, 16 marzo 2022" classname="ejercicio1_nextDay.NextDayTest" time="0.001"/>
  <testcase name="[23] 31, marzo, 2022, 1 abril 2022" classname="ejercicio1_nextDay.NextDayTest" time="0.001"/>
  <testcase name="[24] 32, marzo, 2022, dia incorrecto: 32" classname="ejercicio1_nextDay.NextDayTest" time="0.001"/>
  <testcase name="[25] -1, abril, 2022, dia incorrecto: -1" classname="ejercicio1_nextDay.NextDayTest" time="0.001"/>
  <testcase name="[26] 0, abril, 2022, dia incorrecto: 0" classname="ejercicio1_nextDay.NextDayTest" time="0.001"/>
  <testcase name="[27] 1, abril, 2022, 2 abril 2022" classname="ejercicio1_nextDay.NextDayTest" time="0.001"/>
  <testcase name="[28] 15, abril, 2022, 16 abril 2022" classname="ejercicio1_nextDay.NextDayTest" time="0.001"/>
  <testcase name="[29] 30, abril, 2022, 1 mayo 2022" classname="ejercicio1_nextDay.NextDayTest" time="0.001"/>
  <testcase name="[30] 31, abril, 2022, dia incorrecto: 31" classname="ejercicio1_nextDay.NextDayTest" time="0.001"/>
  <testcase name="[31] -1, mayo, 2022, dia incorrecto: -1" classname="ejercicio1_nextDay.NextDayTest" time="0.0"/>
  <testcase name="[32] 0, mayo, 2022, dia incorrecto: 0" classname="ejercicio1_nextDay.NextDayTest" time="0.001"/>
  <testcase name="[33] 1, mayo, 2022, 2 mayo 2022" classname="ejercicio1_nextDay.NextDayTest" time="0.001"/>
  <testcase name="[34] 15, mayo, 2022, 16 mayo 2022" classname="ejercicio1_nextDay.NextDayTest" time="0.001"/>
  <testcase name="[35] 31, mayo, 2022, 1 junio 2022" classname="ejercicio1_nextDay.NextDayTest" time="0.001"/>
  <testcase name="[36] 32, mayo, 2022, dia incorrecto: 32" classname="ejercicio1_nextDay.NextDayTest" time="0.001"/>
  <testcase name="[37] -1, junio, 2022, dia incorrecto: -1" classname="ejercicio1_nextDay.NextDayTest" time="0.001"/>
  <testcase name="[38] 0, junio, 2022, dia incorrecto: 0" classname="ejercicio1_nextDay.NextDayTest" time="0.001"/>
  <testcase name="[39] 1, junio, 2022, 2 junio 2022" classname="ejercicio1_nextDay.NextDayTest" time="0.002"/>
  <testcase name="[40] 15, junio, 2022, 16 junio 2022" classname="ejercicio1_nextDay.NextDayTest" time="0.001"/>
  <testcase name="[41] 30, junio, 2022, 1 julio 2022" classname="ejercicio1_nextDay.NextDayTest" time="0.001"/>
  <testcase name="[42] 31, junio, 2022, dia incorrecto: 31" classname="ejercicio1_nextDay.NextDayTest" time="0.004"/>
  <testcase name="[43] -1, julio, 2022, dia incorrecto: -1" classname="ejercicio1_nextDay.NextDayTest" time="0.003"/>
  <testcase name="[44] 0, julio, 2022, dia incorrecto: 0" classname="ejercicio1_nextDay.NextDayTest" time="0.001"/>
  <testcase name="[45] 1, julio, 2022, 2 julio 2022" classname="ejercicio1_nextDay.NextDayTest" time="0.002"/>
  <testcase name="[46] 15, julio, 2022, 16 julio 2022" classname="ejercicio1_nextDay.NextDayTest" time="0.001"/>
  <testcase name="[47] 31, julio, 2022, 1 agosto 2022" classname="ejercicio1_nextDay.NextDayTest" time="0.001"/>
  <testcase name="[48] 32, julio, 2022, dia incorrecto: 32" classname="ejercicio1_nextDay.NextDayTest" time="0.001"/>
  <testcase name="[49] -1, agosto, 2022, dia incorrecto: -1" classname="ejercicio1_nextDay.NextDayTest" time="0.001"/>
  <testcase name="[50] 0, agosto, 2022, dia incorrecto: 0" classname="ejercicio1_nextDay.NextDayTest" time="0.001"/>
  <testcase name="[51] 1, agosto, 2022, 2 agosto 2022" classname="ejercicio1_nextDay.NextDayTest" time="0.001"/>
  <testcase name="[52] 15, agosto, 2022, 16 agosto 2022" classname="ejercicio1_nextDay.NextDayTest" time="0.001"/>
  <testcase name="[53] 31, agosto, 2022, 1 septiembre 2022" classname="ejercicio1_nextDay.NextDayTest" time="0.001"/>
  <testcase name="[54] 32, agosto, 2022, dia incorrecto: 32" classname="ejercicio1_nextDay.NextDayTest" time="0.001"/>
  <testcase name="[55] -1, septiembre, 2022, dia incorrecto: -1" classname="ejercicio1_nextDay.NextDayTest" time="0.001"/>
  <testcase name="[56] 0, septiembre, 2022, dia incorrecto: 0" classname="ejercicio1_nextDay.NextDayTest" time="0.0"/>
  <testcase name="[57] 1, septiembre, 2022, 2 septiembre 2022" classname="ejercicio1_nextDay.NextDayTest" time="0.001"/>
  <testcase name="[58] 15, septiembre, 2022, 16 septiembre 2022" classname="ejercicio1_nextDay.NextDayTest" time="0.001"/>
  <testcase name="[59] 30, septiembre, 2022, 1 octubre 2022" classname="ejercicio1_nextDay.NextDayTest" time="0.0"/>
  <testcase name="[60] 31, septiembre, 2022, dia incorrecto: 31" classname="ejercicio1_nextDay.NextDayTest" time="0.002"/>
  <testcase name="[61] -1, octubre, 2022, dia incorrecto: -1" classname="ejercicio1_nextDay.NextDayTest" time="0.001"/>
  <testcase name="[62] 0, octubre, 2022, dia incorrecto: 0" classname="ejercicio1_nextDay.NextDayTest" time="0.001"/>
  <testcase name="[63] 1, octubre, 2022, 2 octubre 2022" classname="ejercicio1_nextDay.NextDayTest" time="0.001"/>
  <testcase name="[64] 15, octubre, 2022, 16 octubre 2022" classname="ejercicio1_nextDay.NextDayTest" time="0.001"/>
  <testcase name="[65] 31, octubre, 2022, 1 noviembre 2022" classname="ejercicio1_nextDay.NextDayTest" time="0.001"/>
  <testcase name="[66] 32, octubre, 2022, dia incorrecto: 32" classname="ejercicio1_nextDay.NextDayTest" time="0.001"/>
  <testcase name="[67] -1, noviembre, 2022, dia incorrecto: -1" classname="ejercicio1_nextDay.NextDayTest" time="0.001"/>
  <testcase name="[68] 0, noviembre, 2022, dia incorrecto: 0" classname="ejercicio1_nextDay.NextDayTest" time="0.001"/>
  <testcase name="[69] 1, noviembre, 2022, 2 noviembre 2022" classname="ejercicio1_nextDay.NextDayTest" time="0.0"/>
  <testcase name="[70] 15, noviembre, 2022, 16 noviembre 2022" classname="ejercicio1_nextDay.NextDayTest" time="0.001"/>
  <testcase name="[71] 30, noviembre, 2022, 1 diciembre 2022" classname="ejercicio1_nextDay.NextDayTest" time="0.001"/>
  <testcase name="[72] 31, noviembre, 2022, dia incorrecto: 31" classname="ejercicio1_nextDay.NextDayTest" time="0.001"/>
  <testcase name="[73] -1, diciembre, 2022, dia incorrecto: -1" classname="ejercicio1_nextDay.NextDayTest" time="0.001"/>
  <testcase name="[74] 0, diciembre, 2022, dia incorrecto: 0" classname="ejercicio1_nextDay.NextDayTest" time="0.001"/>
  <testcase name="[75] 1, diciembre, 2022, 2 diciembre 2022" classname="ejercicio1_nextDay.NextDayTest" time="0.001"/>
  <testcase name="[76] 15, diciembre, 2022, 16 diciembre 2022" classname="ejercicio1_nextDay.NextDayTest" time="0.001"/>
  <testcase name="[77] 31, diciembre, 2022, 1 enero 2023" classname="ejercicio1_nextDay.NextDayTest" time="0.002"/>
  <testcase name="[78] 32, diciembre, 2022, dia incorrecto: 32" classname="ejercicio1_nextDay.NextDayTest" time="0.001"/>
  <system-out><![CDATA[]]></system-out>
  <system-err><![CDATA[]]></system-err>
</testsuite>
