<?xml version="1.0" encoding="UTF-8"?>
<testsuite name="ejercicio3_moneyConverter.MoneyConverterTest" tests="2" skipped="0" failures="0" errors="0" timestamp="2022-02-18T13:07:27" hostname="DESKTOP-2T6TAJ9" time="0.043">
  <properties/>
  <testcase name="verifyBadEntrance()" classname="ejercicio3_moneyConverter.MoneyConverterTest" time="0.017"/>
  <testcase name="verifyConversion()" classname="ejercicio3_moneyConverter.MoneyConverterTest" time="0.025"/>
  <system-out><![CDATA[]]></system-out>
  <system-err><![CDATA[]]></system-err>
</testsuite>
