<?xml version="1.0" encoding="UTF-8"?>
<testsuite name="ejercicio1_nextDay.NextDayTest" tests="73" skipped="0" failures="0" errors="0" timestamp="2022-02-17T04:56:33" hostname="DESKTOP-2T6TAJ9" time="0.158">
  <properties/>
  <testcase name="[1] 1, may, 2011, mes incorrecto: may" classname="ejercicio1_nextDay.NextDayTest" time="0.03"/>
  <testcase name="[2] 1, mayo, 0, 2 mayo 0" classname="ejercicio1_nextDay.NextDayTest" time="0.01"/>
  <testcase name="[3] -1, enero, 2022, dia incorrecto: -1" classname="ejercicio1_nextDay.NextDayTest" time="0.003"/>
  <testcase name="[4] 0, enero, 2022, dia incorrecto: 0" classname="ejercicio1_nextDay.NextDayTest" time="0.0"/>
  <testcase name="[5] 1, enero, 2022, 2 enero 2022" classname="ejercicio1_nextDay.NextDayTest" time="0.001"/>
  <testcase name="[6] 15, enero, 2022, 16 enero 2022" classname="ejercicio1_nextDay.NextDayTest" time="0.001"/>
  <testcase name="[7] 31, enero, 2022, 1 febrero 2022" classname="ejercicio1_nextDay.NextDayTest" time="0.006"/>
  <testcase name="[8] 32, enero, 2022, dia incorrecto: 32" classname="ejercicio1_nextDay.NextDayTest" time="0.0"/>
  <testcase name="[9] -1, febrero, 2022, dia incorrecto: -1" classname="ejercicio1_nextDay.NextDayTest" time="0.001"/>
  <testcase name="[10] 0, febrero, 2022, dia incorrecto: 0" classname="ejercicio1_nextDay.NextDayTest" time="0.001"/>
  <testcase name="[11] 1, febrero, 2022, 2 febrero 2022" classname="ejercicio1_nextDay.NextDayTest" time="0.001"/>
  <testcase name="[12] 15, febrero, 2022, 16 febrero 2022" classname="ejercicio1_nextDay.NextDayTest" time="0.0"/>
  <testcase name="[13] 28, febrero, 2020, 29 febrero 2020" classname="ejercicio1_nextDay.NextDayTest" time="0.0"/>
  <testcase name="[14] -1, marzo, 2022, dia incorrecto: -1" classname="ejercicio1_nextDay.NextDayTest" time="0.002"/>
  <testcase name="[15] 0, marzo, 2022, dia incorrecto: 0" classname="ejercicio1_nextDay.NextDayTest" time="0.001"/>
  <testcase name="[16] 1, marzo, 2022, 2 marzo 2022" classname="ejercicio1_nextDay.NextDayTest" time="0.001"/>
  <testcase name="[17] 15, marzo, 2022, 16 marzo 2022" classname="ejercicio1_nextDay.NextDayTest" time="0.001"/>
  <testcase name="[18] 31, marzo, 2022, 1 abril 2022" classname="ejercicio1_nextDay.NextDayTest" time="0.0"/>
  <testcase name="[19] 32, marzo, 2022, dia incorrecto: 32" classname="ejercicio1_nextDay.NextDayTest" time="0.001"/>
  <testcase name="[20] -1, abril, 2022, dia incorrecto: -1" classname="ejercicio1_nextDay.NextDayTest" time="0.001"/>
  <testcase name="[21] 0, abril, 2022, dia incorrecto: 0" classname="ejercicio1_nextDay.NextDayTest" time="0.0"/>
  <testcase name="[22] 1, abril, 2022, 2 abril 2022" classname="ejercicio1_nextDay.NextDayTest" time="0.0"/>
  <testcase name="[23] 15, abril, 2022, 16 abril 2022" classname="ejercicio1_nextDay.NextDayTest" time="0.001"/>
  <testcase name="[24] 30, abril, 2022, 1 mayo 2022" classname="ejercicio1_nextDay.NextDayTest" time="0.001"/>
  <testcase name="[25] 31, abril, 2022, dia incorrecto: 31" classname="ejercicio1_nextDay.NextDayTest" time="0.001"/>
  <testcase name="[26] -1, mayo, 2022, dia incorrecto: -1" classname="ejercicio1_nextDay.NextDayTest" time="0.001"/>
  <testcase name="[27] 0, mayo, 2022, dia incorrecto: 0" classname="ejercicio1_nextDay.NextDayTest" time="0.0"/>
  <testcase name="[28] 1, mayo, 2022, 2 mayo 2022" classname="ejercicio1_nextDay.NextDayTest" time="0.001"/>
  <testcase name="[29] 15, mayo, 2022, 16 mayo 2022" classname="ejercicio1_nextDay.NextDayTest" time="0.0"/>
  <testcase name="[30] 31, mayo, 2022, 1 junio 2022" classname="ejercicio1_nextDay.NextDayTest" time="0.0"/>
  <testcase name="[31] 32, mayo, 2022, dia incorrecto: 32" classname="ejercicio1_nextDay.NextDayTest" time="0.0"/>
  <testcase name="[32] -1, junio, 2022, dia incorrecto: -1" classname="ejercicio1_nextDay.NextDayTest" time="0.0"/>
  <testcase name="[33] 0, junio, 2022, dia incorrecto: 0" classname="ejercicio1_nextDay.NextDayTest" time="0.0"/>
  <testcase name="[34] 1, junio, 2022, 2 junio 2022" classname="ejercicio1_nextDay.NextDayTest" time="0.0"/>
  <testcase name="[35] 15, junio, 2022, 16 junio 2022" classname="ejercicio1_nextDay.NextDayTest" time="0.001"/>
  <testcase name="[36] 30, junio, 2022, 1 julio 2022" classname="ejercicio1_nextDay.NextDayTest" time="0.0"/>
  <testcase name="[37] 31, junio, 2022, dia incorrecto: 31" classname="ejercicio1_nextDay.NextDayTest" time="0.001"/>
  <testcase name="[38] -1, julio, 2022, dia incorrecto: -1" classname="ejercicio1_nextDay.NextDayTest" time="0.001"/>
  <testcase name="[39] 0, julio, 2022, dia incorrecto: 0" classname="ejercicio1_nextDay.NextDayTest" time="0.0"/>
  <testcase name="[40] 1, julio, 2022, 2 julio 2022" classname="ejercicio1_nextDay.NextDayTest" time="0.001"/>
  <testcase name="[41] 15, julio, 2022, 16 julio 2022" classname="ejercicio1_nextDay.NextDayTest" time="0.001"/>
  <testcase name="[42] 31, julio, 2022, 1 agosto 2022" classname="ejercicio1_nextDay.NextDayTest" time="0.0"/>
  <testcase name="[43] 32, julio, 2022, dia incorrecto: 32" classname="ejercicio1_nextDay.NextDayTest" time="0.001"/>
  <testcase name="[44] -1, agosto, 2022, dia incorrecto: -1" classname="ejercicio1_nextDay.NextDayTest" time="0.001"/>
  <testcase name="[45] 0, agosto, 2022, dia incorrecto: 0" classname="ejercicio1_nextDay.NextDayTest" time="0.001"/>
  <testcase name="[46] 1, agosto, 2022, 2 agosto 2022" classname="ejercicio1_nextDay.NextDayTest" time="0.0"/>
  <testcase name="[47] 15, agosto, 2022, 16 agosto 2022" classname="ejercicio1_nextDay.NextDayTest" time="0.0"/>
  <testcase name="[48] 31, agosto, 2022, 1 septiembre 2022" classname="ejercicio1_nextDay.NextDayTest" time="0.001"/>
  <testcase name="[49] 32, agosto, 2022, dia incorrecto: 32" classname="ejercicio1_nextDay.NextDayTest" time="0.0"/>
  <testcase name="[50] -1, septiembre, 2022, dia incorrecto: -1" classname="ejercicio1_nextDay.NextDayTest" time="0.001"/>
  <testcase name="[51] 0, septiembre, 2022, dia incorrecto: 0" classname="ejercicio1_nextDay.NextDayTest" time="0.0"/>
  <testcase name="[52] 1, septiembre, 2022, 2 septiembre 2022" classname="ejercicio1_nextDay.NextDayTest" time="0.001"/>
  <testcase name="[53] 15, septiembre, 2022, 16 septiembre 2022" classname="ejercicio1_nextDay.NextDayTest" time="0.0"/>
  <testcase name="[54] 30, septiembre, 2022, 1 octubre 2022" classname="ejercicio1_nextDay.NextDayTest" time="0.001"/>
  <testcase name="[55] 31, septiembre, 2022, dia incorrecto: 31" classname="ejercicio1_nextDay.NextDayTest" time="0.0"/>
  <testcase name="[56] -1, octubre, 2022, dia incorrecto: -1" classname="ejercicio1_nextDay.NextDayTest" time="0.0"/>
  <testcase name="[57] 0, octubre, 2022, dia incorrecto: 0" classname="ejercicio1_nextDay.NextDayTest" time="0.0"/>
  <testcase name="[58] 1, octubre, 2022, 2 octubre 2022" classname="ejercicio1_nextDay.NextDayTest" time="0.0"/>
  <testcase name="[59] 15, octubre, 2022, 16 octubre 2022" classname="ejercicio1_nextDay.NextDayTest" time="0.001"/>
  <testcase name="[60] 31, octubre, 2022, 1 noviembre 2022" classname="ejercicio1_nextDay.NextDayTest" time="0.001"/>
  <testcase name="[61] 32, octubre, 2022, dia incorrecto: 32" classname="ejercicio1_nextDay.NextDayTest" time="0.001"/>
  <testcase name="[62] -1, noviembre, 2022, dia incorrecto: -1" classname="ejercicio1_nextDay.NextDayTest" time="0.0"/>
  <testcase name="[63] 0, noviembre, 2022, dia incorrecto: 0" classname="ejercicio1_nextDay.NextDayTest" time="0.001"/>
  <testcase name="[64] 1, noviembre, 2022, 2 noviembre 2022" classname="ejercicio1_nextDay.NextDayTest" time="0.0"/>
  <testcase name="[65] 15, noviembre, 2022, 16 noviembre 2022" classname="ejercicio1_nextDay.NextDayTest" time="0.001"/>
  <testcase name="[66] 30, noviembre, 2022, 1 diciembre 2022" classname="ejercicio1_nextDay.NextDayTest" time="0.0"/>
  <testcase name="[67] 31, noviembre, 2022, dia incorrecto: 31" classname="ejercicio1_nextDay.NextDayTest" time="0.001"/>
  <testcase name="[68] -1, diciembre, 2022, dia incorrecto: -1" classname="ejercicio1_nextDay.NextDayTest" time="0.0"/>
  <testcase name="[69] 0, diciembre, 2022, dia incorrecto: 0" classname="ejercicio1_nextDay.NextDayTest" time="0.0"/>
  <testcase name="[70] 1, diciembre, 2022, 2 diciembre 2022" classname="ejercicio1_nextDay.NextDayTest" time="0.0"/>
  <testcase name="[71] 15, diciembre, 2022, 16 diciembre 2022" classname="ejercicio1_nextDay.NextDayTest" time="0.0"/>
  <testcase name="[72] 31, diciembre, 2022, 1 enero 2023" classname="ejercicio1_nextDay.NextDayTest" time="0.0"/>
  <testcase name="[73] 32, diciembre, 2022, dia incorrecto: 32" classname="ejercicio1_nextDay.NextDayTest" time="0.001"/>
  <system-out><![CDATA[]]></system-out>
  <system-err><![CDATA[]]></system-err>
</testsuite>
